C51 COMPILER V6.02  PRINT_BYTES                                                            12/14/2015 14:50:20 PAGE 1   


C51 COMPILER V6.02, COMPILATION OF MODULE PRINT_BYTES
OBJECT MODULE PLACED IN .\print_bytes.OBJ
COMPILER INVOKED BY: C:\Keil\C51\BIN\C51.EXE .\print_bytes.c DEBUG OBJECTEXTEND

stmt level    source

   1          #include <stdio.h>
   2          #include "main.h"
   3          #include "print_bytes.h"
   4          
   5          
   6          
   7          
   8          
   9          /***********************************************************************
  10          DESC:    Prints 8 bytes in Hexadecimal and then ASCII
  11          INPUT: Pointer to an array of eight bytes
  12          RETURNS: nothing
  13          CAUTION: 
  14          ************************************************************************/
  15          /*
  16          void print_16bytes(uint8_t * array_in)
  17          {
  18             uint8_t * input;
  19             uint8_t index, dat;
  20             input = array_in;
  21             printf("%p ",input);
  22             for (index=0;index<16;index++)
  23             {
  24                dat=*(input+index);
  25                printf("%2.2bX ",dat);
  26             }
  27             for (index=0;index<16;index++)
  28             { 
  29                dat=*(input+index);
  30                if (dat<32 || dat>127) dat=46;
  31                putchar(dat);
  32             }
  33             putchar(CR);
  34             putchar(LF);
  35          }
  36          
  37          */
  38          /***********************************************************************
  39          DESC: Prints an array from memory in Hexadecimal and then ASCII
  40          INPUT: Pointer to an array, number of bytes to print
  41          RETURNS: nothing
  42          CAUTION: 
  43          ************************************************************************/
  44          /*
  45          void print_memory(uint16_t number_of_bytes, uint8_t * array_in)
  46          {
  47             uint8_t * input;
  48             uint16_t i;
  49             input = array_in;
  50             i = (uint16_t) input;
  51             i &= 0x000f;
  52             input = input - i;
  53             printf("Addr.   0  1  2  3  4  5  6  7  8  9  A  B  C  D  E  F\n\r");
  54             do
  55             {
C51 COMPILER V6.02  PRINT_BYTES                                                            12/14/2015 14:50:20 PAGE 2   

  56                print_16bytes(input);
  57                input+=16;
  58             }while(input<(array_in+number_of_bytes));
  59          }
  60          		*/


MODULE INFORMATION:   STATIC OVERLAYABLE
   CODE SIZE        =   ----    ----
   CONSTANT SIZE    =   ----    ----
   XDATA SIZE       =   ----    ----
   PDATA SIZE       =   ----    ----
   DATA SIZE        =   ----    ----
   IDATA SIZE       =   ----    ----
   BIT SIZE         =   ----    ----
END OF MODULE INFORMATION.


C51 COMPILATION COMPLETE.  0 WARNING(S),  0 ERROR(S)
